info => Cleaning outputDir: C:\\Users\\binge\\AppData\\Local\\Temp\\chromatic--2004-3lULIU8r6OeU

                                                                        
                                                                        
                                                                        
                                                                                 
                                                                           
                                                                           
                                                                           
                                                                                 
                                              
                                              
                                              

1.1.19

TypeScript version used by Compodoc : 4.5.5

TypeScript version of current project : 4.9.4

Node.js version : v16.14.2

Operating system : Windows 10

[18:33:00] No configuration file found, switching to CLI flags.
[18:33:00] Using tsconfig file : D:\Angular_App\Taskbox_Angular\Taskbox_WithoutStore\.storybook\tsconfig.json
[18:33:00] Including      : D:\Angular_App\Taskbox_Angular\Taskbox_WithoutStore\.storybook\preview.ts
[18:33:00] Excluding      : D:\Angular_App\Taskbox_Angular\Taskbox_WithoutStore\.storybook\main.ts
[18:33:00] Ignoring       : D:\Angular_App\Taskbox_Angular\Taskbox_WithoutStore\.storybook\typings.d.ts
[18:33:00] Including      : D:\Angular_App\Taskbox_Angular\Taskbox_WithoutStore\src\main.ts
[18:33:00] Including      : D:\Angular_App\Taskbox_Angular\Taskbox_WithoutStore\src\app\app-routing.module.ts
[18:33:00] Ignoring       : D:\Angular_App\Taskbox_Angular\Taskbox_WithoutStore\src\app\app.component.spec.ts
[18:33:00] Including      : D:\Angular_App\Taskbox_Angular\Taskbox_WithoutStore\src\app\app.component.ts
[18:33:00] Including      : D:\Angular_App\Taskbox_Angular\Taskbox_WithoutStore\src\app\app.module.ts
[18:33:00] Including      : D:\Angular_App\Taskbox_Angular\Taskbox_WithoutStore\src\environments\environment.development.ts
[18:33:00] Including      : D:\Angular_App\Taskbox_Angular\Taskbox_WithoutStore\src\environments\environment.ts
[18:33:00] Including      : D:\Angular_App\Taskbox_Angular\Taskbox_WithoutStore\src\stories\button.component.ts
[18:33:00] Including      : D:\Angular_App\Taskbox_Angular\Taskbox_WithoutStore\src\stories\Button.stories.ts
[18:33:00] Including      : D:\Angular_App\Taskbox_Angular\Taskbox_WithoutStore\src\stories\header.component.ts
[18:33:00] Including      : D:\Angular_App\Taskbox_Angular\Taskbox_WithoutStore\src\stories\Header.stories.ts
[18:33:00] Including      : D:\Angular_App\Taskbox_Angular\Taskbox_WithoutStore\src\stories\page.component.ts
[18:33:00] Including      : D:\Angular_App\Taskbox_Angular\Taskbox_WithoutStore\src\stories\Page.stories.ts
[18:33:00] Including      : D:\Angular_App\Taskbox_Angular\Taskbox_WithoutStore\src\stories\User.ts
[18:33:00] Including      : D:\Angular_App\Taskbox_Angular\Taskbox_WithoutStore\src\app\components\intro.component.ts
[18:33:00] Including      : D:\Angular_App\Taskbox_Angular\Taskbox_WithoutStore\src\app\components\intro.stories.ts
[18:33:00] Including      : D:\Angular_App\Taskbox_Angular\Taskbox_WithoutStore\src\app\components\task.component.ts
[18:33:00] Including      : D:\Angular_App\Taskbox_Angular\Taskbox_WithoutStore\src\app\components\task.stories.ts
[18:33:00] Searching package.json file
[18:33:00] package.json file found
[18:33:00] Processing package.json dependencies
[18:33:00] Searching README.md, CHANGELOG.md, CONTRIBUTING.md, LICENSE.md, TODO.md files
[18:33:00] README.md file found
[18:33:00] Error during D:\Angular_App\Taskbox_Angular\Taskbox_WithoutStore\CHANGELOG read
[18:33:00] Continuing without CHANGELOG.md file
[18:33:00] Error during D:\Angular_App\Taskbox_Angular\Taskbox_WithoutStore\CONTRIBUTING read
[18:33:00] Continuing without CONTRIBUTING.md file
[18:33:00] Error during D:\Angular_App\Taskbox_Angular\Taskbox_WithoutStore\LICENSE read
[18:33:00] Continuing without LICENSE.md file
[18:33:00] Error during D:\Angular_App\Taskbox_Angular\Taskbox_WithoutStore\TODO read
[18:33:00] Continuing without TODO.md file
[18:33:00] Get dependencies data
[18:33:00] parsing        : D:/Angular_App/Taskbox_Angular/Taskbox_WithoutStore/.storybook/preview.ts
[18:33:00] found          : preview
[18:33:00] parsing        : D:/Angular_App/Taskbox_Angular/Taskbox_WithoutStore/src/main.ts
[18:33:00] parsing        : D:/Angular_App/Taskbox_Angular/Taskbox_WithoutStore/src/app/app-routing.module.ts
[18:33:00] Analysing routes definitions and clean them if necessary
[18:33:00] found          : AppRoutingModule
[18:33:00]                : - imports:
[18:33:00]                : 	- RouterModule
[18:33:00]                : - exports:
[18:33:00]                : 	- RouterModule
[18:33:00] parsing        : D:/Angular_App/Taskbox_Angular/Taskbox_WithoutStore/src/app/app.component.ts
[18:33:00] found          : AppComponent
[18:33:00] parsing        : D:/Angular_App/Taskbox_Angular/Taskbox_WithoutStore/src/app/app.module.ts
[18:33:00] found          : AppModule
[18:33:00]                : - imports:
[18:33:00]                : 	- BrowserModule
[18:33:00]                : 	- AppRoutingModule
[18:33:00]                : 	- HttpClientModule
[18:33:00]                : 	- MarkdownModule
[18:33:00]                : 	- provideFirebaseApp(() => initializeApp(environment
[18:33:00]                : 	- provideAuth(() => getAuth())
[18:33:00]                : 	- provideFirestore(() => getFirestore())
[18:33:00]                : - declarations:
[18:33:00]                : 	- AppComponent
[18:33:00]                : 	- TaskComponent
[18:33:00]                : 	- IntroComponent
[18:33:00]                : - bootstrap:
[18:33:00]                : 	- AppComponent
[18:33:00] parsing        : D:/Angular_App/Taskbox_Angular/Taskbox_WithoutStore/src/environments/environment.development.ts
[18:33:00] found          : environment
[18:33:00] parsing        : D:/Angular_App/Taskbox_Angular/Taskbox_WithoutStore/src/environments/environment.ts
[18:33:00] found          : environment
[18:33:00] parsing        : D:/Angular_App/Taskbox_Angular/Taskbox_WithoutStore/src/stories/button.component.ts
[18:33:00] found          : ButtonComponent
[18:33:00] parsing        : D:/Angular_App/Taskbox_Angular/Taskbox_WithoutStore/src/stories/Button.stories.ts
[18:33:00] found          : meta
[18:33:00] found          : Story
[18:33:00] found          : Primary
[18:33:00] found          : Secondary
[18:33:00] found          : Large
[18:33:00] found          : Small
[18:33:00] parsing        : D:/Angular_App/Taskbox_Angular/Taskbox_WithoutStore/src/stories/header.component.ts
[18:33:00] found          : HeaderComponent
[18:33:00] parsing        : D:/Angular_App/Taskbox_Angular/Taskbox_WithoutStore/src/stories/Header.stories.ts
[18:33:00] found          : meta
[18:33:00] found          : Story
[18:33:00] found          : LoggedIn
[18:33:00] found          : LoggedOut
[18:33:00] parsing        : D:/Angular_App/Taskbox_Angular/Taskbox_WithoutStore/src/stories/page.component.ts
[18:33:00] found          : PageComponent
[18:33:00] parsing        : D:/Angular_App/Taskbox_Angular/Taskbox_WithoutStore/src/stories/Page.stories.ts
[18:33:00] found          : meta
[18:33:00] found          : Story
[18:33:00] found          : LoggedOut
[18:33:00] found          : LoggedIn
[18:33:00] parsing        : D:/Angular_App/Taskbox_Angular/Taskbox_WithoutStore/src/stories/User.ts
[18:33:00] found          : User
[18:33:00] parsing        : D:/Angular_App/Taskbox_Angular/Taskbox_WithoutStore/src/app/components/intro.component.ts
[18:33:00] found          : IntroComponent
[18:33:00] parsing        : D:/Angular_App/Taskbox_Angular/Taskbox_WithoutStore/src/app/components/intro.stories.ts
[18:33:00] found          : meta
[18:33:00] found          : Story
[18:33:00] found          : introDefault
[18:33:00] found          : introDefaultNew
[18:33:00] parsing        : D:/Angular_App/Taskbox_Angular/Taskbox_WithoutStore/src/app/components/task.component.ts
[18:33:00] found          : TaskComponent
[18:33:00] parsing        : D:/Angular_App/Taskbox_Angular/Taskbox_WithoutStore/src/app/components/task.stories.ts
[18:33:00] found          : meta
[18:33:00] found          : actionsData
[18:33:00] found          : Story
[18:33:00] found          : Default
[18:33:00] found          : Pinned
[18:33:00] found          : Archived
[18:33:00] -------------------
[18:33:00] Project statistics 
[18:33:00] - files      : 19
[18:33:00] - module     : 2
[18:33:00] - component  : 6
[18:33:00] - interface  : 1
[18:33:00] -------------------
[18:33:00] Prepare components
[18:33:00]  AppComponent has a templateUrl, include it
[18:33:00]  AppComponent has styleUrls, include them
[18:33:00]  ButtonComponent has styleUrls, include them
[18:33:00]  HeaderComponent has styleUrls, include them
[18:33:00]  IntroComponent has a templateUrl, include it
[18:33:00]  PageComponent has styleUrls, include them
[18:33:00]  TaskComponent has a templateUrl, include it
[18:33:00] Prepare modules
[18:33:00] Process routes
[18:33:00] Prepare interfaces
[18:33:00] Prepare miscellaneous
[18:33:00] Process documentation coverage report
[18:33:00] Generating documentation in export format json
[18:33:00] Documentation generated in ./ in 0.637 seconds

info => Loading presets
info => Building manager..
info => Manager built (236 ms)
info => Compiling preview..
info => Copying static files: D:\Angular_App\Taskbox_Angular\Taskbox_WithoutStore\node_modules\@storybook\manager\static at C:\Users\binge\AppData\Local\Temp\chromatic--2004-3lULIU8r6OeU\sb-common-assets
info Addon-docs: using MDX2
info => Using implicit CSS loaders
info => Using angular browser target options from "Taskbox_WithoutStore:build"
info => Using angular project with "tsConfig:D:\Angular_App\Taskbox_Angular\Taskbox_WithoutStore\.storybook\tsconfig.json"
info => Using default Webpack5 setup
<s> [webpack.Progress] 0% 

<s> [webpack.Progress] 1% setup before run
<s> [webpack.Progress] 1% setup before run NodeEnvironmentPlugin
<s> [webpack.Progress] 1% setup before run
<s> [webpack.Progress] 2% setup run
<s> [webpack.Progress] 2% setup run
<s> [webpack.Progress] 4% setup normal module factory
<s> [webpack.Progress] 4% setup normal module factory CaseSensitivePathsPlugin
<s> [webpack.Progress] 4% setup normal module factory
<s> [webpack.Progress] 5% setup context module factory
<s> [webpack.Progress] 5% setup context module factory
<s> [webpack.Progress] 6% setup before compile
<s> [webpack.Progress] 6% setup before compile angular-compiler
<s> [webpack.Progress] 6% setup before compile ProgressPlugin
<s> [webpack.Progress] 6% setup before compile
<s> [webpack.Progress] 7% setup compile
<s> [webpack.Progress] 7% setup compile ExternalsPlugin
<s> [webpack.Progress] 7% setup compile ExternalsPlugin
<s> [webpack.Progress] 7% setup compile
<s> [webpack.Progress] 8% setup compilation
<s> [webpack.Progress] 8% setup compilation angular-occurrences-plugin
<s> [webpack.Progress] 8% setup compilation scripts-webpack-plugin
<s> [webpack.Progress] 8% setup compilation angular-compiler
<s> [webpack.Progress] 8% setup compilation styles-webpack-plugin
<s> [webpack.Progress] 8% setup compilation mini-css-extract-plugin
<s> [webpack.Progress] 8% setup compilation unplugin-csf
<s> [webpack.Progress] 8% setup compilation storybook-normalize-angular-entry-plugin
<s> [webpack.Progress] 8% setup compilation ArrayPushCallbackChunkFormatPlugin
<s> [webpack.Progress] 8% setup compilation JsonpChunkLoadingPlugin
<s> [webpack.Progress] 8% setup compilation StartupChunkDependenciesPlugin
<s> [webpack.Progress] 8% setup compilation ImportScriptsChunkLoadingPlugin
<s> [webpack.Progress] 8% setup compilation FetchCompileWasmPlugin
<s> [webpack.Progress] 8% setup compilation FetchCompileAsyncWasmPlugin
<s> [webpack.Progress] 8% setup compilation WorkerPlugin
<s> [webpack.Progress] 8% setup compilation SplitChunksPlugin
<s> [webpack.Progress] 8% setup compilation RuntimeChunkPlugin
<s> [webpack.Progress] 8% setup compilation ResolverCachePlugin
<s> [webpack.Progress] 8% setup compilation HtmlWebpackPlugin
<s> [webpack.Progress] 8% setup compilation
<s> [webpack.Progress] 9% setup compilation
<s> [webpack.Progress] 9% setup compilation named-chunks-plugin
<s> [webpack.Progress] 9% setup compilation DedupeModuleResolvePlugin
<s> [webpack.Progress] 9% setup compilation AnyComponentStyleBudgetChecker
<s> [webpack.Progress] 9% setup compilation mini-css-extract-plugin
<s> [webpack.Progress] 9% setup compilation SuppressExtractedTextChunks
<s> [webpack.Progress] 9% setup compilation DefinePlugin
<s> [webpack.Progress] 9% setup compilation ProvidePlugin
<s> [webpack.Progress] 9% setup compilation ProgressPlugin
<s> [webpack.Progress] 9% setup compilation ChunkPrefetchPreloadPlugin
<s> [webpack.Progress] 9% setup compilation SourceMapDevToolPlugin
<s> [webpack.Progress] 9% setup compilation JavascriptModulesPlugin
<s> [webpack.Progress] 9% setup compilation JsonModulesPlugin
<s> [webpack.Progress] 9% setup compilation AssetModulesPlugin
<s> [webpack.Progress] 9% setup compilation DynamicEntryPlugin
<s> [webpack.Progress] 9% setup compilation RuntimePlugin
<s> [webpack.Progress] 9% setup compilation InferAsyncModulesPlugin
<s> [webpack.Progress] 9% setup compilation DataUriPlugin
<s> [webpack.Progress] 9% setup compilation FileUriPlugin
<s> [webpack.Progress] 9% setup compilation CompatibilityPlugin
<s> [webpack.Progress] 9% setup compilation HarmonyModulesPlugin
<s> [webpack.Progress] 9% setup compilation AMDPlugin
<s> [webpack.Progress] 9% setup compilation RequireJsStuffPlugin
<s> [webpack.Progress] 9% setup compilation CommonJsPlugin
<s> [webpack.Progress] 9% setup compilation LoaderPlugin
<s> [webpack.Progress] 9% setup compilation LoaderPlugin
<s> [webpack.Progress] 9% setup compilation NodeStuffPlugin
<s> [webpack.Progress] 9% setup compilation APIPlugin
<s> [webpack.Progress] 9% setup compilation ExportsInfoApiPlugin
<s> [webpack.Progress] 9% setup compilation WebpackIsIncludedPlugin
<s> [webpack.Progress] 9% setup compilation ConstPlugin
<s> [webpack.Progress] 9% setup compilation UseStrictPlugin
<s> [webpack.Progress] 9% setup compilation RequireIncludePlugin
<s> [webpack.Progress] 9% setup compilation RequireEnsurePlugin
<s> [webpack.Progress] 9% setup compilation RequireContextPlugin
<s> [webpack.Progress] 9% setup compilation ImportPlugin
<s> [webpack.Progress] 9% setup compilation RequireContextPlugin
<s> [webpack.Progress] 9% setup compilation SystemPlugin
<s> [webpack.Progress] 9% setup compilation ImportMetaPlugin
<s> [webpack.Progress] 9% setup compilation URLPlugin
<s> [webpack.Progress] 9% setup compilation DefaultStatsFactoryPlugin
<s> [webpack.Progress] 9% setup compilation DefaultStatsPresetPlugin
<s> [webpack.Progress] 9% setup compilation DefaultStatsPrinterPlugin
<s> [webpack.Progress] 9% setup compilation JavascriptMetaInfoPlugin
<s> [webpack.Progress] 9% setup compilation EnsureChunkConditionsPlugin
<s> [webpack.Progress] 9% setup compilation RemoveEmptyChunksPlugin
<s> [webpack.Progress] 9% setup compilation MergeDuplicateChunksPlugin
<s> [webpack.Progress] 9% setup compilation FlagIncludedChunksPlugin
<s> [webpack.Progress] 9% setup compilation SideEffectsFlagPlugin
<s> [webpack.Progress] 9% setup compilation FlagDependencyExportsPlugin
<s> [webpack.Progress] 9% setup compilation FlagDependencyUsagePlugin
<s> [webpack.Progress] 9% setup compilation InnerGraphPlugin
<s> [webpack.Progress] 9% setup compilation MangleExportsPlugin
<s> [webpack.Progress] 9% setup compilation ModuleConcatenationPlugin
<s> [webpack.Progress] 9% setup compilation NoEmitOnErrorsPlugin
<s> [webpack.Progress] 9% setup compilation RealContentHashPlugin
<s> [webpack.Progress] 9% setup compilation WasmFinalizeExportsPlugin
<s> [webpack.Progress] 9% setup compilation NamedModuleIdsPlugin
<s> [webpack.Progress] 9% setup compilation DeterministicChunkIdsPlugin
<s> [webpack.Progress] 9% setup compilation DefinePlugin
<s> [webpack.Progress] 9% setup compilation TerserPlugin
<s> [webpack.Progress] 9% setup compilation TemplatedPathPlugin
<s> [webpack.Progress] 9% setup compilation RecordIdsPlugin
<s> [webpack.Progress] 9% setup compilation WarnCaseSensitiveModulesPlugin
<s> [webpack.Progress] 9% setup compilation IgnoreWarningsPlugin
<s> [webpack.Progress] 9% setup compilation
<s> [webpack.Progress] 10% building
<s> [webpack.Progress] 10% building 0/1 entries 0/0 dependencies 0/0 modules
<s> [webpack.Progress] 10% building import loader ./node_modules/mini-css-extract-plugin/dist/loader.js
<s> [webpack.Progress] 10% building import loader ./node_modules/css-loader/dist/cjs.js
<s> [webpack.Progress] 10% building import loader ./node_modules/postcss-loader/dist/cjs.js
<s> [webpack.Progress] 10% building 0/3 entries 1/3 dependencies 0/1 modules
<s> [webpack.Progress] 10% building import loader ./node_modules/@angular-devkit/build-angular/src/babel/webpack-loader.js
<s> [webpack.Progress] 10% building import loader ./node_modules/babel-loader/lib/index.js
<s> [webpack.Progress] 10% building 0/3 entries 3/4 dependencies 0/3 modules
<s> [webpack.Progress] 25% building 1/3 entries 6/22 dependencies 1/6 modules
<s> [webpack.Progress] 38% building 2/3 entries 13/25 dependencies 9/11 modules
<s> [webpack.Progress] 46% building import loader ./node_modules/@ngtools/webpack/src/ivy/index.js
<s> [webpack.Progress] 46% building 2/3 entries 26/28 dependencies 9/24 modules
<s> [webpack.Progress] 46% building import loader ./node_modules/@storybook/mdx2-csf/loader.js
<s> [webpack.Progress] 46% building 2/3 entries 46/70 dependencies 13/40 modules
<s> [webpack.Progress] 46% building import loader ./node_modules/unplugin/dist/webpack/loaders/load.js
<s> [webpack.Progress] 46% building 2/3 entries 68/99 dependencies 17/46 modules
<s> [webpack.Progress] 46% building 2/3 entries 183/236 dependencies 45/100 modules
<s> [webpack.Progress] 46% building 2/3 entries 274/300 dependencies 61/126 modules
<s> [webpack.Progress] 31% building 2/3 entries 371/959 dependencies 63/200 modules
<s> [webpack.Progress] 46% building 2/3 entries 1000/1241 dependencies 71/561 modules
<s> [webpack.Progress] 46% building 2/3 entries 1500/1571 dependencies 105/601 modules
<s> [webpack.Progress] 46% building 2/3 entries 1851/1900 dependencies 119/656 modules
<s> [webpack.Progress] 46% building 2/3 entries 2367/2400 dependencies 282/766 modules
<s> [webpack.Progress] 46% building 2/3 entries 2569/2600 dependencies 471/793 modules
<s> [webpack.Progress] 54% building 2/3 entries 2950/3000 dependencies 814/915 modules
<s> [webpack.Progress] 62% building 2/3 entries 3196/3200 dependencies 1047/1097 modules
<s> [webpack.Progress] 65% building 3/3 entries 3343/3343 dependencies 1132/1132 modules
<s> [webpack.Progress] 65% building
<s> [webpack.Progress] 69% building finish
<s> [webpack.Progress] 69% building finish
<s> [webpack.Progress] 70% sealing finish module graph
<s> [webpack.Progress] 70% sealing finish module graph angular-compiler
<s> [webpack.Progress] 70% sealing finish module graph ResolverCachePlugin
<s> [webpack.Progress] 70% sealing finish module graph InferAsyncModulesPlugin
<s> [webpack.Progress] 70% sealing finish module graph FlagDependencyExportsPlugin
<s> [webpack.Progress] 70% sealing finish module graph InnerGraphPlugin
<s> [webpack.Progress] 70% sealing finish module graph WasmFinalizeExportsPlugin
<s> [webpack.Progress] 70% sealing finish module graph
<s> [webpack.Progress] 70% sealing plugins
<s> [webpack.Progress] 70% sealing plugins WarnCaseSensitiveModulesPlugin
<s> [webpack.Progress] 70% sealing plugins
<s> [webpack.Progress] 71% sealing dependencies optimization
<s> [webpack.Progress] 71% sealing dependencies optimization SideEffectsFlagPlugin
<s> [webpack.Progress] 71% sealing dependencies optimization FlagDependencyUsagePlugin
<s> [webpack.Progress] 71% sealing dependencies optimization
<s> [webpack.Progress] 71% sealing after dependencies optimization
<s> [webpack.Progress] 71% sealing after dependencies optimization
<s> [webpack.Progress] 72% sealing chunk graph
<s> [webpack.Progress] 72% sealing chunk graph
<s> [webpack.Progress] 73% sealing after chunk graph
<s> [webpack.Progress] 73% sealing after chunk graph
<s> [webpack.Progress] 73% sealing optimizing
<s> [webpack.Progress] 73% sealing optimizing
<s> [webpack.Progress] 74% sealing module optimization
<s> [webpack.Progress] 74% sealing module optimization
<s> [webpack.Progress] 75% sealing after module optimization
<s> [webpack.Progress] 75% sealing after module optimization
<s> [webpack.Progress] 75% sealing chunk optimization
<s> [webpack.Progress] 75% sealing chunk optimization EnsureChunkConditionsPlugin
<s> [webpack.Progress] 75% sealing chunk optimization RemoveEmptyChunksPlugin
<s> [webpack.Progress] 75% sealing chunk optimization MergeDuplicateChunksPlugin
<s> [webpack.Progress] 75% sealing chunk optimization SplitChunksPlugin
<s> [webpack.Progress] 75% sealing chunk optimization RemoveEmptyChunksPlugin
<s> [webpack.Progress] 75% sealing chunk optimization
<s> [webpack.Progress] 76% sealing after chunk optimization
<s> [webpack.Progress] 76% sealing after chunk optimization
<s> [webpack.Progress] 77% sealing module and chunk tree optimization
<s> [webpack.Progress] 77% sealing module and chunk tree optimization PersistentChildCompilerSingletonPlugin
<s> [webpack.Progress] 77% sealing module and chunk tree optimization
<s> [webpack.Progress] 77% sealing after module and chunk tree optimization
<s> [webpack.Progress] 77% sealing after module and chunk tree optimization
<s> [webpack.Progress] 78% sealing chunk modules optimization
<s> [webpack.Progress] 78% sealing chunk modules optimization ModuleConcatenationPlugin
<s> [webpack.Progress] 78% sealing chunk modules optimization
<s> [webpack.Progress] 78% sealing after chunk modules optimization
<s> [webpack.Progress] 78% sealing after chunk modules optimization
<s> [webpack.Progress] 79% sealing module reviving
<s> [webpack.Progress] 79% sealing module reviving RecordIdsPlugin
<s> [webpack.Progress] 79% sealing module reviving
<s> [webpack.Progress] 80% sealing before module ids
<s> [webpack.Progress] 80% sealing before module ids
<s> [webpack.Progress] 80% sealing module ids
<s> [webpack.Progress] 80% sealing module ids NamedModuleIdsPlugin
<s> [webpack.Progress] 80% sealing module ids
<s> [webpack.Progress] 81% sealing module id optimization
<s> [webpack.Progress] 81% sealing module id optimization
<s> [webpack.Progress] 82% sealing module id optimization
<s> [webpack.Progress] 82% sealing module id optimization
<s> [webpack.Progress] 82% sealing chunk reviving
<s> [webpack.Progress] 82% sealing chunk reviving RecordIdsPlugin
<s> [webpack.Progress] 82% sealing chunk reviving
<s> [webpack.Progress] 83% sealing before chunk ids
<s> [webpack.Progress] 83% sealing before chunk ids
<s> [webpack.Progress] 84% sealing chunk ids
<s> [webpack.Progress] 84% sealing chunk ids DeterministicChunkIdsPlugin
<s> [webpack.Progress] 84% sealing chunk ids
<s> [webpack.Progress] 84% sealing chunk id optimization
<s> [webpack.Progress] 84% sealing chunk id optimization FlagIncludedChunksPlugin
<s> [webpack.Progress] 84% sealing chunk id optimization
<s> [webpack.Progress] 85% sealing after chunk id optimization
<s> [webpack.Progress] 85% sealing after chunk id optimization
<s> [webpack.Progress] 86% sealing record modules
<s> [webpack.Progress] 86% sealing record modules RecordIdsPlugin
<s> [webpack.Progress] 86% sealing record modules
<s> [webpack.Progress] 86% sealing record chunks
<s> [webpack.Progress] 86% sealing record chunks RecordIdsPlugin
<s> [webpack.Progress] 86% sealing record chunks
<s> [webpack.Progress] 87% sealing module hashing
<s> [webpack.Progress] 87% sealing module hashing
<s> [webpack.Progress] 87% sealing code generation
<s> [webpack.Progress] 87% sealing code generation
<s> [webpack.Progress] 88% sealing runtime requirements
<s> [webpack.Progress] 88% sealing runtime requirements
<s> [webpack.Progress] 89% sealing hashing
<s> [webpack.Progress] 89% sealing hashing
<s> [webpack.Progress] 89% sealing after hashing
<s> [webpack.Progress] 89% sealing after hashing
<s> [webpack.Progress] 90% sealing record hash
<s> [webpack.Progress] 90% sealing record hash
<s> [webpack.Progress] 91% sealing module assets processing
<s> [webpack.Progress] 91% sealing module assets processing
<s> [webpack.Progress] 91% sealing chunk assets processing
<s> [webpack.Progress] 91% sealing chunk assets processing
<s> [webpack.Progress] 92% sealing asset processing
<s> [webpack.Progress] 92% sealing asset processing scripts-webpack-plugin
<s> [webpack.Progress] 92% sealing asset processing PersistentChildCompilerSingletonPlugin
<s> [webpack.Progress] 92% sealing asset processing TerserPlugin
